2012/06/11 14:30:07 org.apache.solr.core.SolrResourceLoader locateSolrHome
î•ñ: JNDI not configured for solr (NoInitialContextEx)
2012/06/11 14:30:07 org.apache.solr.core.SolrResourceLoader locateSolrHome
î•ñ: using system property solr.solr.home: /Users/takasakikenji/Dropbox/Coworkscape/web_local/coworkscape/solr
2012/06/11 14:30:07 org.apache.solr.core.SolrResourceLoader <init>
î•ñ: Solr home set to '/Users/takasakikenji/Dropbox/Coworkscape/web_local/coworkscape/solr/'
2012/06/11 14:30:08 org.apache.solr.servlet.SolrDispatchFilter init
î•ñ: SolrDispatchFilter.init()
2012/06/11 14:30:08 org.apache.solr.core.SolrResourceLoader locateSolrHome
î•ñ: JNDI not configured for solr (NoInitialContextEx)
2012/06/11 14:30:08 org.apache.solr.core.SolrResourceLoader locateSolrHome
î•ñ: using system property solr.solr.home: /Users/takasakikenji/Dropbox/Coworkscape/web_local/coworkscape/solr
2012/06/11 14:30:08 org.apache.solr.core.CoreContainer$Initializer initialize
î•ñ: looking for solr.xml: /Users/takasakikenji/Dropbox/Coworkscape/web_local/coworkscape/solr/solr.xml
2012/06/11 14:30:08 org.apache.solr.core.SolrResourceLoader <init>
î•ñ: Solr home set to '/Users/takasakikenji/Dropbox/Coworkscape/web_local/coworkscape/solr/'
2012/06/11 14:30:08 org.apache.solr.core.SolrConfig initLibs
î•ñ: Adding specified lib dirs to ClassLoader
2012/06/11 14:30:08 org.apache.solr.core.SolrConfig <init>
î•ñ: Loaded SolrConfig: solrconfig.xml
2012/06/11 14:30:08 org.apache.solr.core.SolrCore <init>
î•ñ: Opening new SolrCore at /Users/takasakikenji/Dropbox/Coworkscape/web_local/coworkscape/solr/, dataDir=/Users/takasakikenji/Dropbox/Coworkscape/web_local/coworkscape/solr/data/development/
2012/06/11 14:30:08 org.apache.solr.schema.IndexSchema readSchema
î•ñ: Reading Solr Schema
2012/06/11 14:30:08 org.apache.solr.schema.IndexSchema readSchema
î•ñ: Schema name=sunspot
2012/06/11 14:30:09 org.apache.solr.util.plugin.AbstractPluginLoader load
î•ñ: created string: org.apache.solr.schema.StrField
2012/06/11 14:30:09 org.apache.solr.util.plugin.AbstractPluginLoader load
î•ñ: created tdouble: org.apache.solr.schema.TrieDoubleField
2012/06/11 14:30:09 org.apache.solr.util.plugin.AbstractPluginLoader load
î•ñ: created rand: org.apache.solr.schema.RandomSortField
2012/06/11 14:30:09 org.apache.solr.util.plugin.AbstractPluginLoader load
î•ñ: created null: org.apache.solr.analysis.StandardTokenizerFactory
2012/06/11 14:30:09 org.apache.solr.util.plugin.AbstractPluginLoader load
î•ñ: created null: org.apache.solr.analysis.StandardFilterFactory
2012/06/11 14:30:09 org.apache.solr.util.plugin.AbstractPluginLoader load
î•ñ: created null: org.apache.solr.analysis.LowerCaseFilterFactory
2012/06/11 14:30:09 org.apache.solr.util.plugin.AbstractPluginLoader load
î•ñ: created text: org.apache.solr.schema.TextField
2012/06/11 14:30:09 org.apache.solr.util.plugin.AbstractPluginLoader load
î•ñ: created boolean: org.apache.solr.schema.BoolField
2012/06/11 14:30:09 org.apache.solr.util.plugin.AbstractPluginLoader load
î•ñ: created date: org.apache.solr.schema.DateField
2012/06/11 14:30:09 org.apache.solr.util.plugin.AbstractPluginLoader load
î•ñ: created sdouble: org.apache.solr.schema.SortableDoubleField
2012/06/11 14:30:09 org.apache.solr.util.plugin.AbstractPluginLoader load
î•ñ: created sfloat: org.apache.solr.schema.SortableFloatField
2012/06/11 14:30:09 org.apache.solr.util.plugin.AbstractPluginLoader load
î•ñ: created sint: org.apache.solr.schema.SortableIntField
2012/06/11 14:30:09 org.apache.solr.util.plugin.AbstractPluginLoader load
î•ñ: created slong: org.apache.solr.schema.SortableLongField
2012/06/11 14:30:09 org.apache.solr.util.plugin.AbstractPluginLoader load
î•ñ: created tint: org.apache.solr.schema.TrieIntField
2012/06/11 14:30:09 org.apache.solr.util.plugin.AbstractPluginLoader load
î•ñ: created tfloat: org.apache.solr.schema.TrieFloatField
2012/06/11 14:30:09 org.apache.solr.util.plugin.AbstractPluginLoader load
î•ñ: created tdate: org.apache.solr.schema.TrieDateField
2012/06/11 14:30:09 org.apache.solr.schema.IndexSchema readSchema
î•ñ: default search field is text
2012/06/11 14:30:09 org.apache.solr.schema.IndexSchema readSchema
î•ñ: query parser default operator is AND
2012/06/11 14:30:09 org.apache.solr.schema.IndexSchema readSchema
î•ñ: unique key field: id
2012/06/11 14:30:09 org.apache.solr.core.JmxMonitoredMap <init>
î•ñ: No JMX servers found, not exposing Solr information with JMX.
2012/06/11 14:30:09 org.apache.solr.core.SolrCore initListeners
î•ñ: Added SolrEventListener: org.apache.solr.core.QuerySenderListener{queries=[]}
2012/06/11 14:30:09 org.apache.solr.core.SolrCore initListeners
î•ñ: Added SolrEventListener: org.apache.solr.core.QuerySenderListener{queries=[{q=solr rocks,start=0,rows=10}, {q=static firstSearcher warming query from solrconfig.xml}]}
2012/06/11 14:30:09 org.apache.solr.request.XSLTResponseWriter init
î•ñ: xsltCacheLifetimeSeconds=5
2012/06/11 14:30:09 org.apache.solr.core.RequestHandlers initHandlersFromConfig
î•ñ: created standard: solr.SearchHandler
2012/06/11 14:30:09 org.apache.solr.core.RequestHandlers initHandlersFromConfig
î•ñ: created dismax: solr.SearchHandler
2012/06/11 14:30:09 org.apache.solr.core.RequestHandlers initHandlersFromConfig
î•ñ: created partitioned: solr.SearchHandler
2012/06/11 14:30:09 org.apache.solr.core.RequestHandlers initHandlersFromConfig
î•ñ: created /spell: solr.SearchHandler
2012/06/11 14:30:09 org.apache.solr.core.RequestHandlers initHandlersFromConfig
î•ñ: created tvrh: org.apache.solr.handler.component.SearchHandler
2012/06/11 14:30:09 org.apache.solr.core.RequestHandlers initHandlersFromConfig
î•ñ: adding lazy requestHandler: org.apache.solr.handler.extraction.ExtractingRequestHandler
2012/06/11 14:30:09 org.apache.solr.core.RequestHandlers initHandlersFromConfig
î•ñ: created /update/extract: org.apache.solr.handler.extraction.ExtractingRequestHandler
2012/06/11 14:30:09 org.apache.solr.core.RequestHandlers initHandlersFromConfig
î•ñ: created /terms: org.apache.solr.handler.component.SearchHandler
2012/06/11 14:30:09 org.apache.solr.core.RequestHandlers initHandlersFromConfig
î•ñ: adding lazy requestHandler: solr.SearchHandler
2012/06/11 14:30:09 org.apache.solr.core.RequestHandlers initHandlersFromConfig
î•ñ: created /elevate: solr.SearchHandler
2012/06/11 14:30:09 org.apache.solr.core.RequestHandlers initHandlersFromConfig
î•ñ: created /update: solr.XmlUpdateRequestHandler
2012/06/11 14:30:09 org.apache.solr.core.RequestHandlers initHandlersFromConfig
î•ñ: created /update/javabin: solr.BinaryUpdateRequestHandler
2012/06/11 14:30:09 org.apache.solr.core.RequestHandlers initHandlersFromConfig
î•ñ: created /analysis/document: solr.DocumentAnalysisRequestHandler
2012/06/11 14:30:09 org.apache.solr.core.RequestHandlers initHandlersFromConfig
î•ñ: created /analysis/field: solr.FieldAnalysisRequestHandler
2012/06/11 14:30:09 org.apache.solr.core.RequestHandlers initHandlersFromConfig
î•ñ: adding lazy requestHandler: solr.CSVRequestHandler
2012/06/11 14:30:09 org.apache.solr.core.RequestHandlers initHandlersFromConfig
î•ñ: created /update/csv: solr.CSVRequestHandler
2012/06/11 14:30:09 org.apache.solr.core.RequestHandlers initHandlersFromConfig
î•ñ: created /admin/: org.apache.solr.handler.admin.AdminHandlers
2012/06/11 14:30:09 org.apache.solr.core.RequestHandlers initHandlersFromConfig
î•ñ: created /admin/ping: PingRequestHandler
2012/06/11 14:30:09 org.apache.solr.core.RequestHandlers initHandlersFromConfig
î•ñ: created /debug/dump: solr.DumpRequestHandler
2012/06/11 14:30:09 org.apache.solr.core.RequestHandlers initHandlersFromConfig
î•ñ: created /mlt: solr.MoreLikeThisHandler
2012/06/11 14:30:09 org.apache.solr.search.SolrIndexSearcher <init>
î•ñ: Opening Searcher@4ec1a0eb main
2012/06/11 14:30:09 org.apache.solr.update.DirectUpdateHandler2$CommitTracker <init>
î•ñ: AutoCommit: disabled
2012/06/11 14:30:09 org.apache.solr.handler.component.SpellCheckComponent inform
î•ñ: Initializing spell checkers
2012/06/11 14:30:09 org.apache.solr.spelling.AbstractLuceneSpellChecker init
î•ñ: Using WhitespaceAnalzyer for dictionary: default
2012/06/11 14:30:09 org.apache.solr.handler.component.SpellCheckComponent inform
Œx: No queryConverter defined, using default converter
2012/06/11 14:30:09 org.apache.solr.handler.component.QueryElevationComponent inform
î•ñ: Loading QueryElevation from: /Users/takasakikenji/Dropbox/Coworkscape/web_local/coworkscape/solr/conf/elevate.xml
2012/06/11 14:30:09 org.apache.solr.handler.component.SearchHandler inform
î•ñ: Adding  component:org.apache.solr.handler.component.QueryComponent@30d647d8
2012/06/11 14:30:09 org.apache.solr.handler.component.SearchHandler inform
î•ñ: Adding  component:org.apache.solr.handler.component.FacetComponent@4406cef4
2012/06/11 14:30:09 org.apache.solr.handler.component.SearchHandler inform
î•ñ: Adding  component:org.apache.solr.handler.component.MoreLikeThisComponent@1afd1810
2012/06/11 14:30:09 org.apache.solr.handler.component.SearchHandler inform
î•ñ: Adding  component:org.apache.solr.handler.component.HighlightComponent@5e36d047
2012/06/11 14:30:09 org.apache.solr.handler.component.SearchHandler inform
î•ñ: Adding  component:org.apache.solr.handler.component.StatsComponent@60a415a3
2012/06/11 14:30:09 org.apache.solr.handler.component.SearchHandler inform
î•ñ: Adding  debug component:org.apache.solr.handler.component.DebugComponent@3488b1e6
2012/06/11 14:30:09 org.apache.solr.handler.component.SearchHandler inform
î•ñ: Adding  component:org.apache.solr.handler.component.QueryComponent@30d647d8
2012/06/11 14:30:09 org.apache.solr.handler.component.SearchHandler inform
î•ñ: Adding  component:org.apache.solr.handler.component.FacetComponent@4406cef4
2012/06/11 14:30:09 org.apache.solr.handler.component.SearchHandler inform
î•ñ: Adding  component:org.apache.solr.handler.component.MoreLikeThisComponent@1afd1810
2012/06/11 14:30:09 org.apache.solr.handler.component.SearchHandler inform
î•ñ: Adding  component:org.apache.solr.handler.component.HighlightComponent@5e36d047
2012/06/11 14:30:09 org.apache.solr.handler.component.SearchHandler inform
î•ñ: Adding  component:org.apache.solr.handler.component.StatsComponent@60a415a3
2012/06/11 14:30:09 org.apache.solr.handler.component.SearchHandler inform
î•ñ: Adding  debug component:org.apache.solr.handler.component.DebugComponent@3488b1e6
2012/06/11 14:30:09 org.apache.solr.handler.component.SearchHandler inform
î•ñ: Adding  component:org.apache.solr.handler.component.QueryComponent@30d647d8
2012/06/11 14:30:09 org.apache.solr.handler.component.SearchHandler inform
î•ñ: Adding  component:org.apache.solr.handler.component.FacetComponent@4406cef4
2012/06/11 14:30:09 org.apache.solr.handler.component.SearchHandler inform
î•ñ: Adding  component:org.apache.solr.handler.component.MoreLikeThisComponent@1afd1810
2012/06/11 14:30:09 org.apache.solr.handler.component.SearchHandler inform
î•ñ: Adding  component:org.apache.solr.handler.component.HighlightComponent@5e36d047
2012/06/11 14:30:09 org.apache.solr.handler.component.SearchHandler inform
î•ñ: Adding  component:org.apache.solr.handler.component.StatsComponent@60a415a3
2012/06/11 14:30:09 org.apache.solr.handler.component.SearchHandler inform
î•ñ: Adding  debug component:org.apache.solr.handler.component.DebugComponent@3488b1e6
2012/06/11 14:30:09 org.apache.solr.handler.component.SearchHandler inform
î•ñ: Adding  component:org.apache.solr.handler.component.QueryComponent@30d647d8
2012/06/11 14:30:09 org.apache.solr.handler.component.SearchHandler inform
î•ñ: Adding  component:org.apache.solr.handler.component.FacetComponent@4406cef4
2012/06/11 14:30:09 org.apache.solr.handler.component.SearchHandler inform
î•ñ: Adding  component:org.apache.solr.handler.component.MoreLikeThisComponent@1afd1810
2012/06/11 14:30:09 org.apache.solr.handler.component.SearchHandler inform
î•ñ: Adding  component:org.apache.solr.handler.component.HighlightComponent@5e36d047
2012/06/11 14:30:09 org.apache.solr.handler.component.SearchHandler inform
î•ñ: Adding  component:org.apache.solr.handler.component.StatsComponent@60a415a3
2012/06/11 14:30:09 org.apache.solr.handler.component.SearchHandler inform
î•ñ: Adding  component:org.apache.solr.handler.component.SpellCheckComponent@7a578dfb
2012/06/11 14:30:09 org.apache.solr.handler.component.SearchHandler inform
î•ñ: Adding  debug component:org.apache.solr.handler.component.DebugComponent@3488b1e6
2012/06/11 14:30:09 org.apache.solr.handler.component.SearchHandler inform
î•ñ: Adding  component:org.apache.solr.handler.component.QueryComponent@30d647d8
2012/06/11 14:30:09 org.apache.solr.handler.component.SearchHandler inform
î•ñ: Adding  component:org.apache.solr.handler.component.FacetComponent@4406cef4
2012/06/11 14:30:09 org.apache.solr.handler.component.SearchHandler inform
î•ñ: Adding  component:org.apache.solr.handler.component.MoreLikeThisComponent@1afd1810
2012/06/11 14:30:09 org.apache.solr.handler.component.SearchHandler inform
î•ñ: Adding  component:org.apache.solr.handler.component.HighlightComponent@5e36d047
2012/06/11 14:30:09 org.apache.solr.handler.component.SearchHandler inform
î•ñ: Adding  component:org.apache.solr.handler.component.StatsComponent@60a415a3
2012/06/11 14:30:09 org.apache.solr.handler.component.SearchHandler inform
î•ñ: Adding  component:org.apache.solr.handler.component.TermVectorComponent@a2a987d
2012/06/11 14:30:09 org.apache.solr.handler.component.SearchHandler inform
î•ñ: Adding  debug component:org.apache.solr.handler.component.DebugComponent@3488b1e6
2012/06/11 14:30:09 org.apache.solr.handler.component.SearchHandler inform
î•ñ: Adding  component:org.apache.solr.handler.component.TermsComponent@72813bc1
2012/06/11 14:30:09 org.apache.solr.core.CoreContainer register
î•ñ: registering core: 
2012/06/11 14:30:09 org.apache.solr.servlet.SolrDispatchFilter init
î•ñ: user.dir=/Users/takasakikenji/.rvm/gems/ruby-1.9.2-p290/gems/sunspot_solr-1.3.2/solr
2012/06/11 14:30:09 org.apache.solr.servlet.SolrDispatchFilter init
î•ñ: SolrDispatchFilter.init() done
2012/06/11 14:30:09 org.apache.solr.core.QuerySenderListener newSearcher
î•ñ: QuerySenderListener sending requests to Searcher@4ec1a0eb main
2012/06/11 14:30:09 org.apache.solr.core.SolrCore execute
î•ñ: [] webapp=null path=null params={start=0&event=firstSearcher&q=solr+rocks&rows=10} hits=0 status=0 QTime=64 
2012/06/11 14:30:09 org.apache.solr.core.SolrCore execute
î•ñ: [] webapp=null path=null params={event=firstSearcher&q=static+firstSearcher+warming+query+from+solrconfig.xml} hits=0 status=0 QTime=1 
2012/06/11 14:30:09 org.apache.solr.core.QuerySenderListener newSearcher
î•ñ: QuerySenderListener done.
2012/06/11 14:30:09 org.apache.solr.handler.component.SpellCheckComponent$SpellCheckerListener newSearcher
î•ñ: Loading spell index for spellchecker: default
2012/06/11 14:30:09 org.apache.solr.core.SolrCore registerSearcher
î•ñ: [] Registered new searcher Searcher@4ec1a0eb main
2012/06/11 14:30:10 org.apache.solr.servlet.SolrServlet init
î•ñ: SolrServlet.init()
2012/06/11 14:30:10 org.apache.solr.core.SolrResourceLoader locateSolrHome
î•ñ: JNDI not configured for solr (NoInitialContextEx)
2012/06/11 14:30:10 org.apache.solr.core.SolrResourceLoader locateSolrHome
î•ñ: using system property solr.solr.home: /Users/takasakikenji/Dropbox/Coworkscape/web_local/coworkscape/solr
2012/06/11 14:30:10 org.apache.solr.servlet.SolrServlet init
î•ñ: SolrServlet.init() done
2012/06/11 14:30:10 org.apache.solr.core.SolrResourceLoader locateSolrHome
î•ñ: JNDI not configured for solr (NoInitialContextEx)
2012/06/11 14:30:10 org.apache.solr.core.SolrResourceLoader locateSolrHome
î•ñ: using system property solr.solr.home: /Users/takasakikenji/Dropbox/Coworkscape/web_local/coworkscape/solr
2012/06/11 14:30:10 org.apache.solr.servlet.SolrUpdateServlet init
î•ñ: SolrUpdateServlet.init() done
2012/06/11 14:30:24 org.apache.solr.core.SolrCore execute
î•ñ: [] webapp=/solr path=/select params={fl=*+score&start=0&q=c&qf=name_text+description_text+organization_text+pref_text+address1_text+address2_text+address3_text&wt=ruby&fq=type:Space&defType=dismax&rows=30} hits=0 status=0 QTime=160 
2012/06/11 14:30:33 org.apache.solr.core.SolrCore execute
î•ñ: [] webapp=/solr path=/select params={wt=ruby&start=0&fq=type:Space&fq=post_b:true&q=*:*&rows=30} hits=0 status=0 QTime=6 
2012/06/11 15:51:35 org.apache.solr.core.SolrCore close
î•ñ: []  CLOSING SolrCore org.apache.solr.core.SolrCore@ffeef1
2012/06/11 15:51:35 org.apache.solr.core.SolrCore closeSearcher
î•ñ: [] Closing main searcher on request.
